androidLockScreenDemo/build/outputs/logs/manifest-merger-debug-report.txt
-- Merging decision tree log ---
manifest
ADDED from src/main/AndroidManifest.xml:2:1-94:12
	xmlns:android
		ADDED from src/main/AndroidManifest.xml:2:11-69
	package
		ADDED from src/main/AndroidManifest.xml:3:5-26
		INJECTED from src/main/AndroidManifest.xml
		INJECTED from src/main/AndroidManifest.xml
	android:versionName
		ADDED from src/main/AndroidManifest.xml:5:5-30
	android:versionCode
		ADDED from src/main/AndroidManifest.xml:4:5-28
		INJECTED from src/main/AndroidManifest.xml
		INJECTED from src/main/AndroidManifest.xml
uses-sdk
ADDED from src/main/AndroidManifest.xml:7:5-9:41
MERGED from [com.android.support:appcompat-v7:23.1.1] AndroidManifest.xml:20:5-43
MERGED from [com.android.support:support-v4:23.1.1] AndroidManifest.xml:20:5-43
MERGED from [com.google.android.gms:play-services-appindexing:8.1.0] AndroidManifest.xml:18:5-42
MERGED from [com.google.android.gms:play-services-basement:8.1.0] AndroidManifest.xml:18:5-42
MERGED from [com.android.support:support-v4:23.1.1] AndroidManifest.xml:20:5-43
	android:targetSdkVersion
		ADDED from src/main/AndroidManifest.xml:9:9-38
		INJECTED from src/main/AndroidManifest.xml
		INJECTED from src/main/AndroidManifest.xml
	android:minSdkVersion
		ADDED from src/main/AndroidManifest.xml:8:9-35
		INJECTED from src/main/AndroidManifest.xml
		INJECTED from src/main/AndroidManifest.xml
uses-permission#android.permission.DISABLE_KEYGUARD
ADDED from src/main/AndroidManifest.xml:11:5-75
	android:name
		ADDED from src/main/AndroidManifest.xml:11:22-72
uses-permission#android.permission.WAKE_LOCK
ADDED from src/main/AndroidManifest.xml:12:5-68
	android:name
		ADDED from src/main/AndroidManifest.xml:12:22-65
uses-permission#android.permission.RECEIVE_BOOT_COMPLETED
ADDED from src/main/AndroidManifest.xml:13:5-81
	android:name
		ADDED from src/main/AndroidManifest.xml:13:22-78
uses-permission#android.permission.READ_PHONE_STATE
ADDED from src/main/AndroidManifest.xml:14:5-75
	android:name
		ADDED from src/main/AndroidManifest.xml:14:22-72
uses-permission#android.permission.SYSTEM_ALERT_WINDOW
ADDED from src/main/AndroidManifest.xml:15:5-78
	android:name
		ADDED from src/main/AndroidManifest.xml:15:22-75
application
ADDED from src/main/AndroidManifest.xml:18:5-92:19
MERGED from [com.android.support:appcompat-v7:23.1.1] AndroidManifest.xml:22:5-20
MERGED from [com.android.support:support-v4:23.1.1] AndroidManifest.xml:22:5-20
MERGED from [com.google.android.gms:play-services-appindexing:8.1.0] AndroidManifest.xml:19:5-20
MERGED from [com.google.android.gms:play-services-basement:8.1.0] AndroidManifest.xml:20:5-24:19
MERGED from [com.android.support:support-v4:23.1.1] AndroidManifest.xml:22:5-20
	android:label
		ADDED from src/main/AndroidManifest.xml:21:9-41
	android:allowBackup
		ADDED from src/main/AndroidManifest.xml:19:9-35
	android:icon
		ADDED from src/main/AndroidManifest.xml:20:9-45
	android:theme
		ADDED from src/main/AndroidManifest.xml:22:9-40
activity#com.example.Login_Activity
ADDED from src/main/AndroidManifest.xml:25:9-35:20
	android:label
		ADDED from src/main/AndroidManifest.xml:27:13-58
	android:name
		ADDED from src/main/AndroidManifest.xml:26:13-43
intent-filter#android.intent.action.MAIN+android.intent.category.DEFAULT+android.intent.category.HOME
ADDED from src/main/AndroidManifest.xml:29:13-34:29
action#android.intent.action.MAIN
ADDED from src/main/AndroidManifest.xml:30:17-69
	android:name
		ADDED from src/main/AndroidManifest.xml:30:25-66
category#android.intent.category.HOME
ADDED from src/main/AndroidManifest.xml:32:17-73
	android:name
		ADDED from src/main/AndroidManifest.xml:32:27-70
category#android.intent.category.DEFAULT
ADDED from src/main/AndroidManifest.xml:33:17-76
	android:name
		ADDED from src/main/AndroidManifest.xml:33:27-73
activity#com.example.LockScreenActivity
ADDED from src/main/AndroidManifest.xml:37:9-48:20
	android:label
		ADDED from src/main/AndroidManifest.xml:40:13-45
	android:theme
		ADDED from src/main/AndroidManifest.xml:42:13-71
	android:excludeFromRecents
		ADDED from src/main/AndroidManifest.xml:39:13-46
	android:name
		ADDED from src/main/AndroidManifest.xml:38:13-47
	android:launchMode
		ADDED from src/main/AndroidManifest.xml:41:13-44
intent-filter#android.intent.action.MAIN+android.intent.category.LAUNCHER
ADDED from src/main/AndroidManifest.xml:43:13-47:29
category#android.intent.category.LAUNCHER
ADDED from src/main/AndroidManifest.xml:46:17-77
	android:name
		ADDED from src/main/AndroidManifest.xml:46:27-74
receiver#com.example.MyAdminReceiver
ADDED from src/main/AndroidManifest.xml:50:9-60:20
	android:permission
		ADDED from src/main/AndroidManifest.xml:52:13-70
	android:name
		ADDED from src/main/AndroidManifest.xml:51:13-44
meta-data#android.app.device_admin
ADDED from src/main/AndroidManifest.xml:53:13-55:49
	android:resource
		ADDED from src/main/AndroidManifest.xml:55:17-46
	android:name
		ADDED from src/main/AndroidManifest.xml:54:17-56
intent-filter#android.app.action.DEVICE_ADMIN_ENABLED
ADDED from src/main/AndroidManifest.xml:57:13-59:29
action#android.app.action.DEVICE_ADMIN_ENABLED
ADDED from src/main/AndroidManifest.xml:58:17-82
	android:name
		ADDED from src/main/AndroidManifest.xml:58:25-79
service#com.example.utils.LockscreenService
ADDED from src/main/AndroidManifest.xml:62:9-60
	android:name
		ADDED from src/main/AndroidManifest.xml:62:18-57
receiver#com.example.utils.LockscreenIntentReceiver
ADDED from src/main/AndroidManifest.xml:64:9-70:20
	android:enabled
		ADDED from src/main/AndroidManifest.xml:66:13-35
	android:name
		ADDED from src/main/AndroidManifest.xml:65:13-59
intent-filter#android.intent.action.BOOT_COMPLETED
ADDED from src/main/AndroidManifest.xml:67:13-69:29
action#android.intent.action.BOOT_COMPLETED
ADDED from src/main/AndroidManifest.xml:68:17-79
	android:name
		ADDED from src/main/AndroidManifest.xml:68:25-76
receiver#com.example.LockScreenWidget
ADDED from src/main/AndroidManifest.xml:72:9-80:20
	android:name
		ADDED from src/main/AndroidManifest.xml:72:19-51
intent-filter#android.appwidget.action.APPWIDGET_UPDATE
ADDED from src/main/AndroidManifest.xml:73:13-75:29
action#android.appwidget.action.APPWIDGET_UPDATE
ADDED from src/main/AndroidManifest.xml:74:17-84
	android:name
		ADDED from src/main/AndroidManifest.xml:74:25-81
meta-data#android.appwidget.provider
ADDED from src/main/AndroidManifest.xml:77:13-79:67
	android:resource
		ADDED from src/main/AndroidManifest.xml:79:17-64
	android:name
		ADDED from src/main/AndroidManifest.xml:78:17-58
activity#com.example.LockScreenWidgetConfigureActivity
ADDED from src/main/AndroidManifest.xml:82:9-86:20
	android:name
		ADDED from src/main/AndroidManifest.xml:82:19-68
intent-filter#android.appwidget.action.APPWIDGET_CONFIGURE
ADDED from src/main/AndroidManifest.xml:83:13-85:29
action#android.appwidget.action.APPWIDGET_CONFIGURE
ADDED from src/main/AndroidManifest.xml:84:17-87
	android:name
		ADDED from src/main/AndroidManifest.xml:84:25-84
meta-data#com.google.android.gms.version
ADDED from src/main/AndroidManifest.xml:89:9-91:69
MERGED from [com.google.android.gms:play-services-basement:8.1.0] AndroidManifest.xml:21:9-23:69
	android:name
		ADDED from src/main/AndroidManifest.xml:90:13-58
	android:value
		ADDED from src/main/AndroidManifest.xml:91:13-66